I, [2018-05-04T13:30:16.984099 #1677]  INFO -- : Started GET "/questions/1" for ::1 at 2018-05-04 13:30:16 -0700
I, [2018-05-04T13:30:16.989552 #1677]  INFO -- : Processing by QuestionsController#show as HTML
I, [2018-05-04T13:30:16.989643 #1677]  INFO -- :   Parameters: {"id"=>"1"}
I, [2018-05-04T13:30:17.009570 #1677]  INFO -- : Completed 500 Internal Server Error in 20ms (ActiveRecord: 0.3ms)
F, [2018-05-04T13:30:17.010110 #1677] FATAL -- : 
ActiveRecord::StatementInvalid (Could not find table 'questions'):
  app/controllers/questions_controller.rb:3:in `show'


I, [2018-05-04T13:31:56.496163 #1689]  INFO -- : Started GET "/questions/1" for ::1 at 2018-05-04 13:31:56 -0700
I, [2018-05-04T13:31:56.503018 #1689]  INFO -- : Processing by QuestionsController#show as HTML
I, [2018-05-04T13:31:56.503138 #1689]  INFO -- :   Parameters: {"id"=>"1"}
D, [2018-05-04T13:31:56.528823 #1689] DEBUG -- :   [1m[36mQuestion Load (0.2ms)[0m  [1mSELECT  "questions".* FROM "questions" WHERE "questions"."id" = ? LIMIT 1[0m  [["id", 1]]
I, [2018-05-04T13:31:56.549622 #1689]  INFO -- :   Rendered home/_new_answer_form.html.erb (0.6ms)
D, [2018-05-04T13:31:56.550124 #1689] DEBUG -- :   [1m[35mAnswer Load (0.2ms)[0m  SELECT "answers".* FROM "answers" WHERE "answers"."question_id" = ?  ORDER BY "answers"."created_at" DESC  [["question_id", "1"]]
I, [2018-05-04T13:31:56.559320 #1689]  INFO -- :   Rendered questions/show.html.erb within layouts/application (12.6ms)
I, [2018-05-04T13:31:56.562667 #1689]  INFO -- :   Rendered home/_navbar.html.erb (0.3ms)
I, [2018-05-04T13:31:56.564616 #1689]  INFO -- :   Rendered home/_new_question_form.html.erb (0.5ms)
I, [2018-05-04T13:31:56.564813 #1689]  INFO -- : Completed 200 OK in 62ms (Views: 24.2ms | ActiveRecord: 1.0ms)
I, [2018-05-04T13:31:56.598332 #1689]  INFO -- : Started GET "/stylesheets/application.css" for ::1 at 2018-05-04 13:31:56 -0700
F, [2018-05-04T13:31:56.599085 #1689] FATAL -- : 
ActionController::RoutingError (No route matches [GET] "/stylesheets/application.css"):
  actionpack (4.2.7.1) lib/action_dispatch/middleware/debug_exceptions.rb:21:in `call'
  actionpack (4.2.7.1) lib/action_dispatch/middleware/show_exceptions.rb:30:in `call'
  railties (4.2.7.1) lib/rails/rack/logger.rb:38:in `call_app'
  railties (4.2.7.1) lib/rails/rack/logger.rb:20:in `block in call'
  activesupport (4.2.7.1) lib/active_support/tagged_logging.rb:68:in `block in tagged'
  activesupport (4.2.7.1) lib/active_support/tagged_logging.rb:26:in `tagged'
  activesupport (4.2.7.1) lib/active_support/tagged_logging.rb:68:in `tagged'
  railties (4.2.7.1) lib/rails/rack/logger.rb:20:in `call'
  actionpack (4.2.7.1) lib/action_dispatch/middleware/request_id.rb:21:in `call'
  rack (1.6.10) lib/rack/methodoverride.rb:22:in `call'
  rack (1.6.10) lib/rack/runtime.rb:18:in `call'
  activesupport (4.2.7.1) lib/active_support/cache/strategy/local_cache_middleware.rb:28:in `call'
  rack (1.6.10) lib/rack/sendfile.rb:113:in `call'
  railties (4.2.7.1) lib/rails/engine.rb:518:in `call'
  railties (4.2.7.1) lib/rails/application.rb:165:in `call'
  rack (1.6.10) lib/rack/lock.rb:17:in `call'
  rack (1.6.10) lib/rack/content_length.rb:15:in `call'
  rack (1.6.10) lib/rack/handler/webrick.rb:88:in `service'
  /System/Library/Frameworks/Ruby.framework/Versions/2.3/usr/lib/ruby/2.3.0/webrick/httpserver.rb:140:in `service'
  /System/Library/Frameworks/Ruby.framework/Versions/2.3/usr/lib/ruby/2.3.0/webrick/httpserver.rb:96:in `run'
  /System/Library/Frameworks/Ruby.framework/Versions/2.3/usr/lib/ruby/2.3.0/webrick/server.rb:296:in `block in start_thread'


I, [2018-05-04T13:31:56.602587 #1689]  INFO -- : Started GET "/javascripts/application.js" for ::1 at 2018-05-04 13:31:56 -0700
F, [2018-05-04T13:31:56.603325 #1689] FATAL -- : 
ActionController::RoutingError (No route matches [GET] "/javascripts/application.js"):
  actionpack (4.2.7.1) lib/action_dispatch/middleware/debug_exceptions.rb:21:in `call'
  actionpack (4.2.7.1) lib/action_dispatch/middleware/show_exceptions.rb:30:in `call'
  railties (4.2.7.1) lib/rails/rack/logger.rb:38:in `call_app'
  railties (4.2.7.1) lib/rails/rack/logger.rb:20:in `block in call'
  activesupport (4.2.7.1) lib/active_support/tagged_logging.rb:68:in `block in tagged'
  activesupport (4.2.7.1) lib/active_support/tagged_logging.rb:26:in `tagged'
  activesupport (4.2.7.1) lib/active_support/tagged_logging.rb:68:in `tagged'
  railties (4.2.7.1) lib/rails/rack/logger.rb:20:in `call'
  actionpack (4.2.7.1) lib/action_dispatch/middleware/request_id.rb:21:in `call'
  rack (1.6.10) lib/rack/methodoverride.rb:22:in `call'
  rack (1.6.10) lib/rack/runtime.rb:18:in `call'
  activesupport (4.2.7.1) lib/active_support/cache/strategy/local_cache_middleware.rb:28:in `call'
  rack (1.6.10) lib/rack/sendfile.rb:113:in `call'
  railties (4.2.7.1) lib/rails/engine.rb:518:in `call'
  railties (4.2.7.1) lib/rails/application.rb:165:in `call'
  rack (1.6.10) lib/rack/lock.rb:17:in `call'
  rack (1.6.10) lib/rack/content_length.rb:15:in `call'
  rack (1.6.10) lib/rack/handler/webrick.rb:88:in `service'
  /System/Library/Frameworks/Ruby.framework/Versions/2.3/usr/lib/ruby/2.3.0/webrick/httpserver.rb:140:in `service'
  /System/Library/Frameworks/Ruby.framework/Versions/2.3/usr/lib/ruby/2.3.0/webrick/httpserver.rb:96:in `run'
  /System/Library/Frameworks/Ruby.framework/Versions/2.3/usr/lib/ruby/2.3.0/webrick/server.rb:296:in `block in start_thread'


I, [2018-05-04T13:32:09.353483 #1689]  INFO -- : Started GET "/stylesheets/application.css" for ::1 at 2018-05-04 13:32:09 -0700
F, [2018-05-04T13:32:09.354343 #1689] FATAL -- : 
ActionController::RoutingError (No route matches [GET] "/stylesheets/application.css"):
  actionpack (4.2.7.1) lib/action_dispatch/middleware/debug_exceptions.rb:21:in `call'
  actionpack (4.2.7.1) lib/action_dispatch/middleware/show_exceptions.rb:30:in `call'
  railties (4.2.7.1) lib/rails/rack/logger.rb:38:in `call_app'
  railties (4.2.7.1) lib/rails/rack/logger.rb:20:in `block in call'
  activesupport (4.2.7.1) lib/active_support/tagged_logging.rb:68:in `block in tagged'
  activesupport (4.2.7.1) lib/active_support/tagged_logging.rb:26:in `tagged'
  activesupport (4.2.7.1) lib/active_support/tagged_logging.rb:68:in `tagged'
  railties (4.2.7.1) lib/rails/rack/logger.rb:20:in `call'
  actionpack (4.2.7.1) lib/action_dispatch/middleware/request_id.rb:21:in `call'
  rack (1.6.10) lib/rack/methodoverride.rb:22:in `call'
  rack (1.6.10) lib/rack/runtime.rb:18:in `call'
  activesupport (4.2.7.1) lib/active_support/cache/strategy/local_cache_middleware.rb:28:in `call'
  rack (1.6.10) lib/rack/sendfile.rb:113:in `call'
  railties (4.2.7.1) lib/rails/engine.rb:518:in `call'
  railties (4.2.7.1) lib/rails/application.rb:165:in `call'
  rack (1.6.10) lib/rack/lock.rb:17:in `call'
  rack (1.6.10) lib/rack/content_length.rb:15:in `call'
  rack (1.6.10) lib/rack/handler/webrick.rb:88:in `service'
  /System/Library/Frameworks/Ruby.framework/Versions/2.3/usr/lib/ruby/2.3.0/webrick/httpserver.rb:140:in `service'
  /System/Library/Frameworks/Ruby.framework/Versions/2.3/usr/lib/ruby/2.3.0/webrick/httpserver.rb:96:in `run'
  /System/Library/Frameworks/Ruby.framework/Versions/2.3/usr/lib/ruby/2.3.0/webrick/server.rb:296:in `block in start_thread'


I, [2018-05-04T13:34:00.623654 #1711]  INFO -- : Started GET "/questions/1" for ::1 at 2018-05-04 13:34:00 -0700
I, [2018-05-04T13:34:00.638457 #1711]  INFO -- : Processing by QuestionsController#show as HTML
I, [2018-05-04T13:34:00.638536 #1711]  INFO -- :   Parameters: {"id"=>"1"}
D, [2018-05-04T13:34:00.664673 #1711] DEBUG -- :   [1m[36mQuestion Load (0.1ms)[0m  [1mSELECT  "questions".* FROM "questions" WHERE "questions"."id" = ? LIMIT 1[0m  [["id", 1]]
I, [2018-05-04T13:34:00.684211 #1711]  INFO -- :   Rendered home/_new_answer_form.html.erb (0.6ms)
D, [2018-05-04T13:34:00.684834 #1711] DEBUG -- :   [1m[35mAnswer Load (0.2ms)[0m  SELECT "answers".* FROM "answers" WHERE "answers"."question_id" = ?  ORDER BY "answers"."created_at" DESC  [["question_id", "1"]]
I, [2018-05-04T13:34:00.693711 #1711]  INFO -- :   Rendered questions/show.html.erb within layouts/application (12.2ms)
I, [2018-05-04T13:34:00.696441 #1711]  INFO -- :   Rendered home/_navbar.html.erb (0.2ms)
I, [2018-05-04T13:34:00.698292 #1711]  INFO -- :   Rendered home/_new_question_form.html.erb (0.4ms)
I, [2018-05-04T13:34:00.698473 #1711]  INFO -- : Completed 200 OK in 60ms (Views: 23.3ms | ActiveRecord: 1.1ms)
I, [2018-05-04T13:34:00.710210 #1711]  INFO -- : Started GET "/stylesheets/application.css" for ::1 at 2018-05-04 13:34:00 -0700
F, [2018-05-04T13:34:00.710864 #1711] FATAL -- : 
ActionController::RoutingError (No route matches [GET] "/stylesheets/application.css"):
  actionpack (4.2.7.1) lib/action_dispatch/middleware/debug_exceptions.rb:21:in `call'
  actionpack (4.2.7.1) lib/action_dispatch/middleware/show_exceptions.rb:30:in `call'
  railties (4.2.7.1) lib/rails/rack/logger.rb:38:in `call_app'
  railties (4.2.7.1) lib/rails/rack/logger.rb:20:in `block in call'
  activesupport (4.2.7.1) lib/active_support/tagged_logging.rb:68:in `block in tagged'
  activesupport (4.2.7.1) lib/active_support/tagged_logging.rb:26:in `tagged'
  activesupport (4.2.7.1) lib/active_support/tagged_logging.rb:68:in `tagged'
  railties (4.2.7.1) lib/rails/rack/logger.rb:20:in `call'
  actionpack (4.2.7.1) lib/action_dispatch/middleware/request_id.rb:21:in `call'
  rack (1.6.10) lib/rack/methodoverride.rb:22:in `call'
  rack (1.6.10) lib/rack/runtime.rb:18:in `call'
  activesupport (4.2.7.1) lib/active_support/cache/strategy/local_cache_middleware.rb:28:in `call'
  actionpack (4.2.7.1) lib/action_dispatch/middleware/static.rb:120:in `call'
  rack (1.6.10) lib/rack/sendfile.rb:113:in `call'
  railties (4.2.7.1) lib/rails/engine.rb:518:in `call'
  railties (4.2.7.1) lib/rails/application.rb:165:in `call'
  rack (1.6.10) lib/rack/lock.rb:17:in `call'
  rack (1.6.10) lib/rack/content_length.rb:15:in `call'
  rack (1.6.10) lib/rack/handler/webrick.rb:88:in `service'
  /System/Library/Frameworks/Ruby.framework/Versions/2.3/usr/lib/ruby/2.3.0/webrick/httpserver.rb:140:in `service'
  /System/Library/Frameworks/Ruby.framework/Versions/2.3/usr/lib/ruby/2.3.0/webrick/httpserver.rb:96:in `run'
  /System/Library/Frameworks/Ruby.framework/Versions/2.3/usr/lib/ruby/2.3.0/webrick/server.rb:296:in `block in start_thread'


I, [2018-05-04T13:34:00.713153 #1711]  INFO -- : Started GET "/javascripts/application.js" for ::1 at 2018-05-04 13:34:00 -0700
F, [2018-05-04T13:34:00.714055 #1711] FATAL -- : 
ActionController::RoutingError (No route matches [GET] "/javascripts/application.js"):
  actionpack (4.2.7.1) lib/action_dispatch/middleware/debug_exceptions.rb:21:in `call'
  actionpack (4.2.7.1) lib/action_dispatch/middleware/show_exceptions.rb:30:in `call'
  railties (4.2.7.1) lib/rails/rack/logger.rb:38:in `call_app'
  railties (4.2.7.1) lib/rails/rack/logger.rb:20:in `block in call'
  activesupport (4.2.7.1) lib/active_support/tagged_logging.rb:68:in `block in tagged'
  activesupport (4.2.7.1) lib/active_support/tagged_logging.rb:26:in `tagged'
  activesupport (4.2.7.1) lib/active_support/tagged_logging.rb:68:in `tagged'
  railties (4.2.7.1) lib/rails/rack/logger.rb:20:in `call'
  actionpack (4.2.7.1) lib/action_dispatch/middleware/request_id.rb:21:in `call'
  rack (1.6.10) lib/rack/methodoverride.rb:22:in `call'
  rack (1.6.10) lib/rack/runtime.rb:18:in `call'
  activesupport (4.2.7.1) lib/active_support/cache/strategy/local_cache_middleware.rb:28:in `call'
  actionpack (4.2.7.1) lib/action_dispatch/middleware/static.rb:120:in `call'
  rack (1.6.10) lib/rack/sendfile.rb:113:in `call'
  railties (4.2.7.1) lib/rails/engine.rb:518:in `call'
  railties (4.2.7.1) lib/rails/application.rb:165:in `call'
  rack (1.6.10) lib/rack/lock.rb:17:in `call'
  rack (1.6.10) lib/rack/content_length.rb:15:in `call'
  rack (1.6.10) lib/rack/handler/webrick.rb:88:in `service'
  /System/Library/Frameworks/Ruby.framework/Versions/2.3/usr/lib/ruby/2.3.0/webrick/httpserver.rb:140:in `service'
  /System/Library/Frameworks/Ruby.framework/Versions/2.3/usr/lib/ruby/2.3.0/webrick/httpserver.rb:96:in `run'
  /System/Library/Frameworks/Ruby.framework/Versions/2.3/usr/lib/ruby/2.3.0/webrick/server.rb:296:in `block in start_thread'


I, [2018-05-04T13:35:00.135887 #1721]  INFO -- : Started GET "/" for ::1 at 2018-05-04 13:35:00 -0700
I, [2018-05-04T13:35:00.141107 #1721]  INFO -- : Processing by HomeController#index as HTML
D, [2018-05-04T13:35:00.168276 #1721] DEBUG -- :   [1m[36mQuestion Load (0.2ms)[0m  [1mSELECT "questions".* FROM "questions"  ORDER BY "questions"."created_at" DESC[0m
I, [2018-05-04T13:35:00.177657 #1721]  INFO -- :   Rendered home/index.html.erb within layouts/application (10.4ms)
I, [2018-05-04T13:35:00.180414 #1721]  INFO -- :   Rendered home/_navbar.html.erb (0.2ms)
I, [2018-05-04T13:35:00.182584 #1721]  INFO -- :   Rendered home/_new_question_form.html.erb (0.5ms)
I, [2018-05-04T13:35:00.182829 #1721]  INFO -- : Completed 200 OK in 42ms (Views: 21.2ms | ActiveRecord: 0.5ms)
I, [2018-05-04T13:41:58.850508 #1721]  INFO -- : Started GET "/" for ::1 at 2018-05-04 13:41:58 -0700
I, [2018-05-04T13:41:58.851090 #1721]  INFO -- : Processing by HomeController#index as HTML
D, [2018-05-04T13:41:58.852106 #1721] DEBUG -- :   [1m[35mQuestion Load (0.2ms)[0m  SELECT "questions".* FROM "questions"  ORDER BY "questions"."created_at" DESC
I, [2018-05-04T13:41:58.852747 #1721]  INFO -- :   Rendered home/index.html.erb within layouts/application (1.0ms)
I, [2018-05-04T13:41:58.853437 #1721]  INFO -- :   Rendered home/_navbar.html.erb (0.0ms)
I, [2018-05-04T13:41:58.853689 #1721]  INFO -- :   Rendered home/_new_question_form.html.erb (0.1ms)
I, [2018-05-04T13:41:58.853857 #1721]  INFO -- : Completed 200 OK in 3ms (Views: 2.1ms | ActiveRecord: 0.2ms)
I, [2018-05-04T13:45:32.434316 #1721]  INFO -- : Started GET "/" for ::1 at 2018-05-04 13:45:32 -0700
I, [2018-05-04T13:45:32.434951 #1721]  INFO -- : Processing by HomeController#index as HTML
D, [2018-05-04T13:45:32.436200 #1721] DEBUG -- :   [1m[36mQuestion Load (0.2ms)[0m  [1mSELECT "questions".* FROM "questions"  ORDER BY "questions"."created_at" DESC[0m
I, [2018-05-04T13:45:32.436939 #1721]  INFO -- :   Rendered home/index.html.erb within layouts/application (1.3ms)
I, [2018-05-04T13:45:32.437809 #1721]  INFO -- :   Rendered home/_navbar.html.erb (0.1ms)
I, [2018-05-04T13:45:32.438271 #1721]  INFO -- :   Rendered home/_new_question_form.html.erb (0.3ms)
I, [2018-05-04T13:45:32.438477 #1721]  INFO -- : Completed 200 OK in 3ms (Views: 2.7ms | ActiveRecord: 0.2ms)
I, [2018-05-04T13:45:59.778444 #1721]  INFO -- : Started GET "/" for ::1 at 2018-05-04 13:45:59 -0700
I, [2018-05-04T13:45:59.779118 #1721]  INFO -- : Processing by HomeController#index as HTML
D, [2018-05-04T13:45:59.780198 #1721] DEBUG -- :   [1m[35mQuestion Load (0.2ms)[0m  SELECT "questions".* FROM "questions"  ORDER BY "questions"."created_at" DESC
I, [2018-05-04T13:45:59.780857 #1721]  INFO -- :   Rendered home/index.html.erb within layouts/application (1.0ms)
I, [2018-05-04T13:45:59.781435 #1721]  INFO -- :   Rendered home/_navbar.html.erb (0.0ms)
I, [2018-05-04T13:45:59.781841 #1721]  INFO -- :   Rendered home/_new_question_form.html.erb (0.3ms)
I, [2018-05-04T13:45:59.782037 #1721]  INFO -- : Completed 200 OK in 3ms (Views: 2.1ms | ActiveRecord: 0.2ms)
I, [2018-05-04T13:46:20.056603 #1721]  INFO -- : Started GET "/" for ::1 at 2018-05-04 13:46:20 -0700
I, [2018-05-04T13:46:20.057449 #1721]  INFO -- : Processing by HomeController#index as HTML
D, [2018-05-04T13:46:20.058998 #1721] DEBUG -- :   [1m[36mQuestion Load (0.2ms)[0m  [1mSELECT "questions".* FROM "questions"  ORDER BY "questions"."created_at" DESC[0m
I, [2018-05-04T13:46:20.059837 #1721]  INFO -- :   Rendered home/index.html.erb within layouts/application (1.4ms)
I, [2018-05-04T13:46:20.060727 #1721]  INFO -- :   Rendered home/_navbar.html.erb (0.0ms)
I, [2018-05-04T13:46:20.061334 #1721]  INFO -- :   Rendered home/_new_question_form.html.erb (0.4ms)
I, [2018-05-04T13:46:20.061590 #1721]  INFO -- : Completed 200 OK in 4ms (Views: 3.1ms | ActiveRecord: 0.2ms)
I, [2018-05-04T13:47:46.110689 #1721]  INFO -- : Started GET "/" for ::1 at 2018-05-04 13:47:46 -0700
I, [2018-05-04T13:47:46.111300 #1721]  INFO -- : Processing by HomeController#index as HTML
D, [2018-05-04T13:47:46.112810 #1721] DEBUG -- :   [1m[35mQuestion Load (0.2ms)[0m  SELECT "questions".* FROM "questions"  ORDER BY "questions"."created_at" DESC
I, [2018-05-04T13:47:46.113530 #1721]  INFO -- :   Rendered home/index.html.erb within layouts/application (1.2ms)
I, [2018-05-04T13:47:46.114207 #1721]  INFO -- :   Rendered home/_navbar.html.erb (0.0ms)
I, [2018-05-04T13:47:46.114563 #1721]  INFO -- :   Rendered home/_new_question_form.html.erb (0.2ms)
I, [2018-05-04T13:47:46.114741 #1721]  INFO -- : Completed 200 OK in 3ms (Views: 2.4ms | ActiveRecord: 0.2ms)
I, [2018-05-04T13:54:53.248649 #1721]  INFO -- : Started GET "/" for ::1 at 2018-05-04 13:54:53 -0700
I, [2018-05-04T13:54:53.249304 #1721]  INFO -- : Processing by HomeController#index as HTML
D, [2018-05-04T13:54:53.251092 #1721] DEBUG -- :   [1m[36mQuestion Load (0.2ms)[0m  [1mSELECT "questions".* FROM "questions"  ORDER BY "questions"."created_at" DESC[0m
I, [2018-05-04T13:54:53.251951 #1721]  INFO -- :   Rendered home/index.html.erb within layouts/application (1.4ms)
I, [2018-05-04T13:54:53.252797 #1721]  INFO -- :   Rendered home/_navbar.html.erb (0.0ms)
I, [2018-05-04T13:54:53.253101 #1721]  INFO -- :   Rendered home/_new_question_form.html.erb (0.2ms)
I, [2018-05-04T13:54:53.253361 #1721]  INFO -- : Completed 200 OK in 4ms (Views: 2.8ms | ActiveRecord: 0.2ms)
I, [2018-05-04T13:54:55.548770 #1721]  INFO -- : Started GET "/" for ::1 at 2018-05-04 13:54:55 -0700
I, [2018-05-04T13:54:55.549723 #1721]  INFO -- : Processing by HomeController#index as HTML
D, [2018-05-04T13:54:55.551083 #1721] DEBUG -- :   [1m[35mQuestion Load (0.2ms)[0m  SELECT "questions".* FROM "questions"  ORDER BY "questions"."created_at" DESC
I, [2018-05-04T13:54:55.551718 #1721]  INFO -- :   Rendered home/index.html.erb within layouts/application (1.0ms)
I, [2018-05-04T13:54:55.552321 #1721]  INFO -- :   Rendered home/_navbar.html.erb (0.0ms)
I, [2018-05-04T13:54:55.552650 #1721]  INFO -- :   Rendered home/_new_question_form.html.erb (0.2ms)
I, [2018-05-04T13:54:55.552834 #1721]  INFO -- : Completed 200 OK in 3ms (Views: 2.1ms | ActiveRecord: 0.2ms)
I, [2018-05-04T13:54:58.107722 #1721]  INFO -- : Started GET "/" for ::1 at 2018-05-04 13:54:58 -0700
I, [2018-05-04T13:54:58.108321 #1721]  INFO -- : Processing by HomeController#index as HTML
D, [2018-05-04T13:54:58.109350 #1721] DEBUG -- :   [1m[36mQuestion Load (0.2ms)[0m  [1mSELECT "questions".* FROM "questions"  ORDER BY "questions"."created_at" DESC[0m
I, [2018-05-04T13:54:58.109868 #1721]  INFO -- :   Rendered home/index.html.erb within layouts/application (0.9ms)
I, [2018-05-04T13:54:58.110476 #1721]  INFO -- :   Rendered home/_navbar.html.erb (0.0ms)
I, [2018-05-04T13:54:58.110788 #1721]  INFO -- :   Rendered home/_new_question_form.html.erb (0.2ms)
I, [2018-05-04T13:54:58.110934 #1721]  INFO -- : Completed 200 OK in 3ms (Views: 1.9ms | ActiveRecord: 0.2ms)
I, [2018-05-04T13:58:28.313447 #1721]  INFO -- : Started GET "/" for ::1 at 2018-05-04 13:58:28 -0700
I, [2018-05-04T13:58:28.314027 #1721]  INFO -- : Processing by HomeController#index as HTML
D, [2018-05-04T13:58:28.315045 #1721] DEBUG -- :   [1m[35mQuestion Load (0.2ms)[0m  SELECT "questions".* FROM "questions"  ORDER BY "questions"."created_at" DESC
I, [2018-05-04T13:58:28.315798 #1721]  INFO -- :   Rendered home/index.html.erb within layouts/application (1.1ms)
I, [2018-05-04T13:58:28.316676 #1721]  INFO -- :   Rendered home/_navbar.html.erb (0.0ms)
I, [2018-05-04T13:58:28.317290 #1721]  INFO -- :   Rendered home/_new_question_form.html.erb (0.4ms)
I, [2018-05-04T13:58:28.317622 #1721]  INFO -- : Completed 200 OK in 3ms (Views: 2.8ms | ActiveRecord: 0.2ms)
I, [2018-05-04T14:00:12.499596 #1721]  INFO -- : Started GET "/" for ::1 at 2018-05-04 14:00:12 -0700
I, [2018-05-04T14:00:12.500342 #1721]  INFO -- : Processing by HomeController#index as HTML
D, [2018-05-04T14:00:12.501764 #1721] DEBUG -- :   [1m[36mQuestion Load (0.2ms)[0m  [1mSELECT "questions".* FROM "questions"  ORDER BY "questions"."created_at" DESC[0m
I, [2018-05-04T14:00:12.502497 #1721]  INFO -- :   Rendered home/index.html.erb within layouts/application (1.2ms)
I, [2018-05-04T14:00:12.503494 #1721]  INFO -- :   Rendered home/_navbar.html.erb (0.0ms)
I, [2018-05-04T14:00:12.503858 #1721]  INFO -- :   Rendered home/_new_question_form.html.erb (0.2ms)
I, [2018-05-04T14:00:12.504050 #1721]  INFO -- : Completed 200 OK in 4ms (Views: 2.7ms | ActiveRecord: 0.2ms)
I, [2018-05-04T14:00:14.554467 #1721]  INFO -- : Started GET "/" for ::1 at 2018-05-04 14:00:14 -0700
I, [2018-05-04T14:00:14.555107 #1721]  INFO -- : Processing by HomeController#index as HTML
D, [2018-05-04T14:00:14.556056 #1721] DEBUG -- :   [1m[35mQuestion Load (0.2ms)[0m  SELECT "questions".* FROM "questions"  ORDER BY "questions"."created_at" DESC
I, [2018-05-04T14:00:14.556537 #1721]  INFO -- :   Rendered home/index.html.erb within layouts/application (0.8ms)
I, [2018-05-04T14:00:14.557061 #1721]  INFO -- :   Rendered home/_navbar.html.erb (0.0ms)
I, [2018-05-04T14:00:14.557344 #1721]  INFO -- :   Rendered home/_new_question_form.html.erb (0.2ms)
I, [2018-05-04T14:00:14.557471 #1721]  INFO -- : Completed 200 OK in 2ms (Views: 1.7ms | ActiveRecord: 0.2ms)
I, [2018-05-04T14:02:12.890094 #1721]  INFO -- : Started GET "/" for ::1 at 2018-05-04 14:02:12 -0700
I, [2018-05-04T14:02:12.890738 #1721]  INFO -- : Processing by HomeController#index as HTML
D, [2018-05-04T14:02:12.891703 #1721] DEBUG -- :   [1m[36mQuestion Load (0.2ms)[0m  [1mSELECT "questions".* FROM "questions"  ORDER BY "questions"."created_at" DESC[0m
I, [2018-05-04T14:02:12.892303 #1721]  INFO -- :   Rendered home/index.html.erb within layouts/application (1.0ms)
I, [2018-05-04T14:02:12.892937 #1721]  INFO -- :   Rendered home/_navbar.html.erb (0.1ms)
I, [2018-05-04T14:02:12.893212 #1721]  INFO -- :   Rendered home/_new_question_form.html.erb (0.2ms)
I, [2018-05-04T14:02:12.893355 #1721]  INFO -- : Completed 200 OK in 3ms (Views: 2.0ms | ActiveRecord: 0.2ms)
I, [2018-05-04T14:05:09.979401 #1721]  INFO -- : Started GET "/questions/1" for ::1 at 2018-05-04 14:05:09 -0700
I, [2018-05-04T14:05:09.981157 #1721]  INFO -- : Processing by QuestionsController#show as HTML
I, [2018-05-04T14:05:09.981251 #1721]  INFO -- :   Parameters: {"id"=>"1"}
D, [2018-05-04T14:05:09.986604 #1721] DEBUG -- :   [1m[35mQuestion Load (0.2ms)[0m  SELECT  "questions".* FROM "questions" WHERE "questions"."id" = ? LIMIT 1  [["id", 1]]
I, [2018-05-04T14:05:10.002162 #1721]  INFO -- :   Rendered home/_new_answer_form.html.erb (0.8ms)
D, [2018-05-04T14:05:10.002870 #1721] DEBUG -- :   [1m[36mAnswer Load (0.2ms)[0m  [1mSELECT "answers".* FROM "answers" WHERE "answers"."question_id" = ?  ORDER BY "answers"."created_at" DESC[0m  [["question_id", "1"]]
I, [2018-05-04T14:05:10.008749 #1721]  INFO -- :   Rendered questions/show.html.erb within layouts/application (9.8ms)
I, [2018-05-04T14:05:10.009345 #1721]  INFO -- :   Rendered home/_navbar.html.erb (0.0ms)
I, [2018-05-04T14:05:10.009606 #1721]  INFO -- :   Rendered home/_new_question_form.html.erb (0.2ms)
I, [2018-05-04T14:05:10.009790 #1721]  INFO -- : Completed 200 OK in 28ms (Views: 15.6ms | ActiveRecord: 0.6ms)
I, [2018-05-04T14:05:10.461561 #1721]  INFO -- : Started GET "/questions/undefined" for ::1 at 2018-05-04 14:05:10 -0700
I, [2018-05-04T14:05:10.462415 #1721]  INFO -- : Processing by QuestionsController#show as HTML
I, [2018-05-04T14:05:10.462483 #1721]  INFO -- :   Parameters: {"id"=>"undefined"}
D, [2018-05-04T14:05:10.463186 #1721] DEBUG -- :   [1m[35mQuestion Load (0.1ms)[0m  SELECT  "questions".* FROM "questions" WHERE "questions"."id" = ? LIMIT 1  [["id", 0]]
I, [2018-05-04T14:05:10.463495 #1721]  INFO -- : Completed 404 Not Found in 1ms (ActiveRecord: 0.1ms)
F, [2018-05-04T14:05:10.464056 #1721] FATAL -- : 
ActiveRecord::RecordNotFound (Couldn't find Question with 'id'=undefined):
  app/controllers/questions_controller.rb:3:in `show'


I, [2018-05-04T14:05:15.564498 #1721]  INFO -- : Started GET "/questions/undefined" for ::1 at 2018-05-04 14:05:15 -0700
I, [2018-05-04T14:05:15.565368 #1721]  INFO -- : Processing by QuestionsController#show as HTML
I, [2018-05-04T14:05:15.565470 #1721]  INFO -- :   Parameters: {"id"=>"undefined"}
D, [2018-05-04T14:05:15.566320 #1721] DEBUG -- :   [1m[36mQuestion Load (0.1ms)[0m  [1mSELECT  "questions".* FROM "questions" WHERE "questions"."id" = ? LIMIT 1[0m  [["id", 0]]
I, [2018-05-04T14:05:15.566688 #1721]  INFO -- : Completed 404 Not Found in 1ms (ActiveRecord: 0.1ms)
F, [2018-05-04T14:05:15.567479 #1721] FATAL -- : 
ActiveRecord::RecordNotFound (Couldn't find Question with 'id'=undefined):
  app/controllers/questions_controller.rb:3:in `show'


I, [2018-05-04T14:05:18.320662 #1721]  INFO -- : Started GET "/" for ::1 at 2018-05-04 14:05:18 -0700
I, [2018-05-04T14:05:18.321580 #1721]  INFO -- : Processing by HomeController#index as HTML
D, [2018-05-04T14:05:18.322785 #1721] DEBUG -- :   [1m[35mQuestion Load (0.2ms)[0m  SELECT "questions".* FROM "questions"  ORDER BY "questions"."created_at" DESC
I, [2018-05-04T14:05:18.323606 #1721]  INFO -- :   Rendered home/index.html.erb within layouts/application (1.2ms)
I, [2018-05-04T14:05:18.324550 #1721]  INFO -- :   Rendered home/_navbar.html.erb (0.0ms)
I, [2018-05-04T14:05:18.324860 #1721]  INFO -- :   Rendered home/_new_question_form.html.erb (0.2ms)
I, [2018-05-04T14:05:18.325059 #1721]  INFO -- : Completed 200 OK in 3ms (Views: 2.6ms | ActiveRecord: 0.2ms)
I, [2018-05-04T14:05:19.587162 #1721]  INFO -- : Started GET "/questions/1" for ::1 at 2018-05-04 14:05:19 -0700
I, [2018-05-04T14:05:19.588085 #1721]  INFO -- : Processing by QuestionsController#show as HTML
I, [2018-05-04T14:05:19.588167 #1721]  INFO -- :   Parameters: {"id"=>"1"}
D, [2018-05-04T14:05:19.589139 #1721] DEBUG -- :   [1m[36mQuestion Load (0.2ms)[0m  [1mSELECT  "questions".* FROM "questions" WHERE "questions"."id" = ? LIMIT 1[0m  [["id", 1]]
I, [2018-05-04T14:05:19.590615 #1721]  INFO -- :   Rendered home/_new_answer_form.html.erb (0.4ms)
D, [2018-05-04T14:05:19.591475 #1721] DEBUG -- :   [1m[35mAnswer Load (0.2ms)[0m  SELECT "answers".* FROM "answers" WHERE "answers"."question_id" = ?  ORDER BY "answers"."created_at" DESC  [["question_id", "1"]]
I, [2018-05-04T14:05:19.592400 #1721]  INFO -- :   Rendered questions/show.html.erb within layouts/application (2.3ms)
I, [2018-05-04T14:05:19.593171 #1721]  INFO -- :   Rendered home/_navbar.html.erb (0.0ms)
I, [2018-05-04T14:05:19.593629 #1721]  INFO -- :   Rendered home/_new_question_form.html.erb (0.2ms)
I, [2018-05-04T14:05:19.593843 #1721]  INFO -- : Completed 200 OK in 6ms (Views: 3.7ms | ActiveRecord: 0.4ms)
I, [2018-05-04T14:05:20.356168 #1721]  INFO -- : Started GET "/questions/1" for ::1 at 2018-05-04 14:05:20 -0700
I, [2018-05-04T14:05:20.356912 #1721]  INFO -- : Processing by QuestionsController#show as HTML
I, [2018-05-04T14:05:20.356970 #1721]  INFO -- :   Parameters: {"id"=>"1"}
D, [2018-05-04T14:05:20.357534 #1721] DEBUG -- :   [1m[36mQuestion Load (0.1ms)[0m  [1mSELECT  "questions".* FROM "questions" WHERE "questions"."id" = ? LIMIT 1[0m  [["id", 1]]
I, [2018-05-04T14:05:20.358751 #1721]  INFO -- :   Rendered home/_new_answer_form.html.erb (0.3ms)
D, [2018-05-04T14:05:20.359527 #1721] DEBUG -- :   [1m[35mAnswer Load (0.2ms)[0m  SELECT "answers".* FROM "answers" WHERE "answers"."question_id" = ?  ORDER BY "answers"."created_at" DESC  [["question_id", "1"]]
I, [2018-05-04T14:05:20.360558 #1721]  INFO -- :   Rendered questions/show.html.erb within layouts/application (2.3ms)
I, [2018-05-04T14:05:20.361361 #1721]  INFO -- :   Rendered home/_navbar.html.erb (0.1ms)
I, [2018-05-04T14:05:20.361871 #1721]  INFO -- :   Rendered home/_new_question_form.html.erb (0.3ms)
I, [2018-05-04T14:05:20.362110 #1721]  INFO -- : Completed 200 OK in 5ms (Views: 3.7ms | ActiveRecord: 0.3ms)
I, [2018-05-04T14:05:21.010025 #1721]  INFO -- : Started GET "/questions/1" for ::1 at 2018-05-04 14:05:21 -0700
I, [2018-05-04T14:05:21.010929 #1721]  INFO -- : Processing by QuestionsController#show as HTML
I, [2018-05-04T14:05:21.010998 #1721]  INFO -- :   Parameters: {"id"=>"1"}
D, [2018-05-04T14:05:21.011610 #1721] DEBUG -- :   [1m[36mQuestion Load (0.1ms)[0m  [1mSELECT  "questions".* FROM "questions" WHERE "questions"."id" = ? LIMIT 1[0m  [["id", 1]]
I, [2018-05-04T14:05:21.012782 #1721]  INFO -- :   Rendered home/_new_answer_form.html.erb (0.2ms)
D, [2018-05-04T14:05:21.013239 #1721] DEBUG -- :   [1m[35mAnswer Load (0.1ms)[0m  SELECT "answers".* FROM "answers" WHERE "answers"."question_id" = ?  ORDER BY "answers"."created_at" DESC  [["question_id", "1"]]
I, [2018-05-04T14:05:21.013921 #1721]  INFO -- :   Rendered questions/show.html.erb within layouts/application (1.5ms)
I, [2018-05-04T14:05:21.014459 #1721]  INFO -- :   Rendered home/_navbar.html.erb (0.0ms)
I, [2018-05-04T14:05:21.014730 #1721]  INFO -- :   Rendered home/_new_question_form.html.erb (0.2ms)
I, [2018-05-04T14:05:21.014905 #1721]  INFO -- : Completed 200 OK in 4ms (Views: 2.5ms | ActiveRecord: 0.2ms)
I, [2018-05-04T14:05:21.512645 #1721]  INFO -- : Started GET "/questions/1" for ::1 at 2018-05-04 14:05:21 -0700
I, [2018-05-04T14:05:21.513412 #1721]  INFO -- : Processing by QuestionsController#show as HTML
I, [2018-05-04T14:05:21.513491 #1721]  INFO -- :   Parameters: {"id"=>"1"}
D, [2018-05-04T14:05:21.514207 #1721] DEBUG -- :   [1m[36mQuestion Load (0.1ms)[0m  [1mSELECT  "questions".* FROM "questions" WHERE "questions"."id" = ? LIMIT 1[0m  [["id", 1]]
I, [2018-05-04T14:05:21.515617 #1721]  INFO -- :   Rendered home/_new_answer_form.html.erb (0.3ms)
D, [2018-05-04T14:05:21.516039 #1721] DEBUG -- :   [1m[35mAnswer Load (0.1ms)[0m  SELECT "answers".* FROM "answers" WHERE "answers"."question_id" = ?  ORDER BY "answers"."created_at" DESC  [["question_id", "1"]]
I, [2018-05-04T14:05:21.517169 #1721]  INFO -- :   Rendered questions/show.html.erb within layouts/application (2.0ms)
I, [2018-05-04T14:05:21.517977 #1721]  INFO -- :   Rendered home/_navbar.html.erb (0.0ms)
I, [2018-05-04T14:05:21.518321 #1721]  INFO -- :   Rendered home/_new_question_form.html.erb (0.2ms)
I, [2018-05-04T14:05:21.518508 #1721]  INFO -- : Completed 200 OK in 5ms (Views: 3.5ms | ActiveRecord: 0.2ms)
I, [2018-05-04T14:07:16.470730 #1721]  INFO -- : Started GET "/questions/1" for ::1 at 2018-05-04 14:07:16 -0700
I, [2018-05-04T14:07:16.471353 #1721]  INFO -- : Processing by QuestionsController#show as HTML
I, [2018-05-04T14:07:16.471414 #1721]  INFO -- :   Parameters: {"id"=>"1"}
D, [2018-05-04T14:07:16.472366 #1721] DEBUG -- :   [1m[36mQuestion Load (0.2ms)[0m  [1mSELECT  "questions".* FROM "questions" WHERE "questions"."id" = ? LIMIT 1[0m  [["id", 1]]
I, [2018-05-04T14:07:16.473756 #1721]  INFO -- :   Rendered home/_new_answer_form.html.erb (0.3ms)
D, [2018-05-04T14:07:16.474212 #1721] DEBUG -- :   [1m[35mAnswer Load (0.1ms)[0m  SELECT "answers".* FROM "answers" WHERE "answers"."question_id" = ?  ORDER BY "answers"."created_at" DESC  [["question_id", "1"]]
I, [2018-05-04T14:07:16.474955 #1721]  INFO -- :   Rendered questions/show.html.erb within layouts/application (1.6ms)
I, [2018-05-04T14:07:16.475571 #1721]  INFO -- :   Rendered home/_navbar.html.erb (0.0ms)
I, [2018-05-04T14:07:16.475911 #1721]  INFO -- :   Rendered home/_new_question_form.html.erb (0.2ms)
I, [2018-05-04T14:07:16.476086 #1721]  INFO -- : Completed 200 OK in 5ms (Views: 2.8ms | ActiveRecord: 0.3ms)
I, [2018-05-04T14:07:20.395635 #1721]  INFO -- : Started GET "/" for ::1 at 2018-05-04 14:07:20 -0700
I, [2018-05-04T14:07:20.396381 #1721]  INFO -- : Processing by HomeController#index as HTML
D, [2018-05-04T14:07:20.397595 #1721] DEBUG -- :   [1m[36mQuestion Load (0.2ms)[0m  [1mSELECT "questions".* FROM "questions"  ORDER BY "questions"."created_at" DESC[0m
I, [2018-05-04T14:07:20.398166 #1721]  INFO -- :   Rendered home/index.html.erb within layouts/application (0.9ms)
I, [2018-05-04T14:07:20.398798 #1721]  INFO -- :   Rendered home/_navbar.html.erb (0.0ms)
I, [2018-05-04T14:07:20.399134 #1721]  INFO -- :   Rendered home/_new_question_form.html.erb (0.2ms)
I, [2018-05-04T14:07:20.399301 #1721]  INFO -- : Completed 200 OK in 3ms (Views: 2.1ms | ActiveRecord: 0.2ms)
I, [2018-05-04T14:08:10.282004 #2160]  INFO -- : Started GET "/" for ::1 at 2018-05-04 14:08:10 -0700
I, [2018-05-04T14:08:10.287822 #2160]  INFO -- : Processing by HomeController#index as HTML
D, [2018-05-04T14:08:10.314028 #2160] DEBUG -- :   [1m[36mQuestion Load (0.3ms)[0m  [1mSELECT "questions".* FROM "questions"  ORDER BY "questions"."created_at" DESC[0m
I, [2018-05-04T14:08:10.323941 #2160]  INFO -- :   Rendered home/index.html.erb within layouts/application (11.0ms)
I, [2018-05-04T14:08:10.326610 #2160]  INFO -- :   Rendered home/_navbar.html.erb (0.2ms)
I, [2018-05-04T14:08:10.328694 #2160]  INFO -- :   Rendered home/_new_question_form.html.erb (0.5ms)
I, [2018-05-04T14:08:10.328907 #2160]  INFO -- : Completed 200 OK in 41ms (Views: 21.5ms | ActiveRecord: 0.5ms)
